<?xml version="1.0" encoding="UTF-8"?>
<testsuite xmlns:xsi="http://www.w3.org/2001/XMLSchema-instance" xsi:noNamespaceSchemaLocation="https://maven.apache.org/surefire/maven-surefire-plugin/xsd/surefire-test-report-3.0.xsd" version="3.0" name="com.example.keynote.KeynoteIntegrationTest" time="11.61" tests="1" errors="0" skipped="0" failures="0">
  <properties>
[...]
</properties>
  <testcase name="createAndGetKeynote" classname="com.example.keynote.KeynoteIntegrationTest" time="1.491">
    <system-out><![CDATA[17:16:11.756 [main] INFO org.springframework.test.context.support.AnnotationConfigContextLoaderUtils -- Could not detect default configuration classes for test class [com.example.keynote.KeynoteIntegrationTest]: KeynoteIntegrationTest does not declare any static, non-private, non-final, nested classes annotated with @Configuration.
17:16:11.992 [main] INFO org.springframework.boot.test.context.SpringBootTestContextBootstrapper -- Found @SpringBootConfiguration com.example.keynote.KeynoteServiceApplication for test class com.example.keynote.KeynoteIntegrationTest

  .   ____          _            __ _ _
 /\\ / ___'_ __ _ _(_)_ __  __ _ \ \ \ \
( ( )\___ | '_ | '_| | '_ \/ _` | \ \ \ \
 \\/  ___)| |_)| | | | | || (_| |  ) ) ) )
  '  |____| .__|_| |_|_| |_\__, | / / / /
 =========|_|==============|___/=/_/_/_/
 :: Spring Boot ::                (v3.2.0)

2025-10-20T17:16:13.193+01:00  INFO 2112 --- [           main] c.e.keynote.KeynoteIntegrationTest       : Starting KeynoteIntegrationTest using Java 23.0.1 with PID 2112 (started by hp in C:\Users\hp\Desktop\microservices\Activite4\keynote-service)
2025-10-20T17:16:13.196+01:00  INFO 2112 --- [           main] c.e.keynote.KeynoteIntegrationTest       : No active profile set, falling back to 1 default profile: "default"
2025-10-20T17:16:14.971+01:00  INFO 2112 --- [           main] .s.d.r.c.RepositoryConfigurationDelegate : Bootstrapping Spring Data JPA repositories in DEFAULT mode.
2025-10-20T17:16:15.092+01:00  INFO 2112 --- [           main] .s.d.r.c.RepositoryConfigurationDelegate : Finished Spring Data repository scanning in 101 ms. Found 1 JPA repository interface.
2025-10-20T17:16:16.560+01:00  INFO 2112 --- [           main] o.s.b.w.embedded.tomcat.TomcatWebServer  : Tomcat initialized with port 0 (http)
2025-10-20T17:16:16.576+01:00  INFO 2112 --- [           main] o.apache.catalina.core.StandardService   : Starting service [Tomcat]
2025-10-20T17:16:16.578+01:00  INFO 2112 --- [           main] o.apache.catalina.core.StandardEngine    : Starting Servlet engine: [Apache Tomcat/10.1.16]
2025-10-20T17:16:16.701+01:00  INFO 2112 --- [           main] o.a.c.c.C.[Tomcat].[localhost].[/]       : Initializing Spring embedded WebApplicationContext
2025-10-20T17:16:16.703+01:00  INFO 2112 --- [           main] w.s.c.ServletWebServerApplicationContext : Root WebApplicationContext: initialization completed in 3430 ms
2025-10-20T17:16:17.160+01:00  INFO 2112 --- [           main] o.hibernate.jpa.internal.util.LogHelper  : HHH000204: Processing PersistenceUnitInfo [name: default]
2025-10-20T17:16:17.387+01:00  INFO 2112 --- [           main] org.hibernate.Version                    : HHH000412: Hibernate ORM core version 6.3.1.Final
2025-10-20T17:16:17.502+01:00  INFO 2112 --- [           main] o.h.c.internal.RegionFactoryInitiator    : HHH000026: Second-level cache disabled
2025-10-20T17:16:18.050+01:00  INFO 2112 --- [           main] o.s.o.j.p.SpringPersistenceUnitInfo      : No LoadTimeWeaver setup: ignoring JPA class transformer
2025-10-20T17:16:18.106+01:00  INFO 2112 --- [           main] com.zaxxer.hikari.HikariDataSource       : HikariPool-1 - Starting...
2025-10-20T17:16:18.457+01:00  INFO 2112 --- [           main] com.zaxxer.hikari.pool.HikariPool        : HikariPool-1 - Added connection conn0: url=jdbc:h2:mem:keynotedb user=SA
2025-10-20T17:16:18.463+01:00  INFO 2112 --- [           main] com.zaxxer.hikari.HikariDataSource       : HikariPool-1 - Start completed.
2025-10-20T17:16:19.787+01:00  INFO 2112 --- [           main] o.h.e.t.j.p.i.JtaPlatformInitiator       : HHH000489: No JTA platform available (set 'hibernate.transaction.jta.platform' to enable JTA platform integration)
Hibernate: create table keynote (id bigint generated by default as identity, email varchar(255), fonction varchar(255), nom varchar(255), prenom varchar(255), primary key (id))
2025-10-20T17:16:19.884+01:00  INFO 2112 --- [           main] j.LocalContainerEntityManagerFactoryBean : Initialized JPA EntityManagerFactory for persistence unit 'default'
2025-10-20T17:16:20.538+01:00  WARN 2112 --- [           main] JpaBaseConfiguration$JpaWebConfiguration : spring.jpa.open-in-view is enabled by default. Therefore, database queries may be performed during view rendering. Explicitly configure spring.jpa.open-in-view to disable this warning
2025-10-20T17:16:21.475+01:00  INFO 2112 --- [           main] o.s.b.w.embedded.tomcat.TomcatWebServer  : Tomcat started on port 60236 (http) with context path ''
2025-10-20T17:16:21.492+01:00  INFO 2112 --- [           main] c.e.keynote.KeynoteIntegrationTest       : Started KeynoteIntegrationTest in 9.231 seconds (process running for 11.283)
2025-10-20T17:16:22.584+01:00  INFO 2112 --- [o-auto-1-exec-1] o.a.c.c.C.[Tomcat].[localhost].[/]       : Initializing Spring DispatcherServlet 'dispatcherServlet'
2025-10-20T17:16:22.584+01:00  INFO 2112 --- [o-auto-1-exec-1] o.s.web.servlet.DispatcherServlet        : Initializing Servlet 'dispatcherServlet'
2025-10-20T17:16:22.585+01:00  INFO 2112 --- [o-auto-1-exec-1] o.s.web.servlet.DispatcherServlet        : Completed initialization in 1 ms
Hibernate: insert into keynote (email,fonction,nom,prenom,id) values (?,?,?,?,default)
Hibernate: select k1_0.id,k1_0.email,k1_0.fonction,k1_0.nom,k1_0.prenom from keynote k1_0 where k1_0.id=?
]]></system-out>
    <system-err><![CDATA[WARNING: A Java agent has been loaded dynamically (C:\Users\hp\.m2\repository\net\bytebuddy\byte-buddy-agent\1.14.10\byte-buddy-agent-1.14.10.jar)
WARNING: If a serviceability tool is in use, please run with -XX:+EnableDynamicAgentLoading to hide this warning
WARNING: If a serviceability tool is not in use, please run with -Djdk.instrument.traceUsage for more information
WARNING: Dynamic loading of agents will be disallowed by default in a future release
]]></system-err>
  </testcase>
</testsuite>