<?xml version="1.0" encoding="UTF-8"?>
<testsuite xmlns:xsi="http://www.w3.org/2001/XMLSchema-instance" xsi:noNamespaceSchemaLocation="https://maven.apache.org/surefire/maven-surefire-plugin/xsd/surefire-test-report-3.0.xsd" version="3.0" name="com.example.conference.ConferenceIntegrationTest" time="16.481" tests="1" errors="0" skipped="0" failures="0">
  <properties>
[...]
</properties>
  <testcase name="createConferenceAndAddReview" classname="com.example.conference.ConferenceIntegrationTest" time="1.955">
    <system-out><![CDATA[17:24:56.090 [main] INFO org.springframework.test.context.support.AnnotationConfigContextLoaderUtils -- Could not detect default configuration classes for test class [com.example.conference.ConferenceIntegrationTest]: ConferenceIntegrationTest does not declare any static, non-private, non-final, nested classes annotated with @Configuration.
17:24:56.322 [main] INFO org.springframework.boot.test.context.SpringBootTestContextBootstrapper -- Found @SpringBootConfiguration com.example.conference.ConferenceServiceApplication for test class com.example.conference.ConferenceIntegrationTest

  .   ____          _            __ _ _
 /\\ / ___'_ __ _ _(_)_ __  __ _ \ \ \ \
( ( )\___ | '_ | '_| | '_ \/ _` | \ \ \ \
 \\/  ___)| |_)| | | | | || (_| |  ) ) ) )
  '  |____| .__|_| |_|_| |_\__, | / / / /
 =========|_|==============|___/=/_/_/_/
 :: Spring Boot ::                (v3.2.0)

2025-10-20T17:24:58.794+01:00  INFO 13644 --- [           main] c.e.c.ConferenceIntegrationTest          : Starting ConferenceIntegrationTest using Java 23.0.1 with PID 13644 (started by hp in C:\Users\hp\Desktop\microservices\Activite4\conference-service)
2025-10-20T17:24:58.797+01:00  INFO 13644 --- [           main] c.e.c.ConferenceIntegrationTest          : No active profile set, falling back to 1 default profile: "default"
2025-10-20T17:25:00.862+01:00  INFO 13644 --- [           main] .s.d.r.c.RepositoryConfigurationDelegate : Bootstrapping Spring Data JPA repositories in DEFAULT mode.
2025-10-20T17:25:01.008+01:00  INFO 13644 --- [           main] .s.d.r.c.RepositoryConfigurationDelegate : Finished Spring Data repository scanning in 122 ms. Found 2 JPA repository interfaces.
2025-10-20T17:25:01.484+01:00  INFO 13644 --- [           main] o.s.cloud.context.scope.GenericScope     : BeanFactory id=989a2c0e-3130-3636-b89b-fcd97c0d1e6c
2025-10-20T17:25:02.510+01:00  INFO 13644 --- [           main] o.s.b.w.embedded.tomcat.TomcatWebServer  : Tomcat initialized with port 0 (http)
2025-10-20T17:25:02.535+01:00  INFO 13644 --- [           main] o.apache.catalina.core.StandardService   : Starting service [Tomcat]
2025-10-20T17:25:02.536+01:00  INFO 13644 --- [           main] o.apache.catalina.core.StandardEngine    : Starting Servlet engine: [Apache Tomcat/10.1.16]
2025-10-20T17:25:02.710+01:00  INFO 13644 --- [           main] o.a.c.c.C.[Tomcat].[localhost].[/]       : Initializing Spring embedded WebApplicationContext
2025-10-20T17:25:02.714+01:00  INFO 13644 --- [           main] w.s.c.ServletWebServerApplicationContext : Root WebApplicationContext: initialization completed in 3844 ms
2025-10-20T17:25:03.213+01:00  INFO 13644 --- [           main] o.hibernate.jpa.internal.util.LogHelper  : HHH000204: Processing PersistenceUnitInfo [name: default]
2025-10-20T17:25:03.432+01:00  INFO 13644 --- [           main] org.hibernate.Version                    : HHH000412: Hibernate ORM core version 6.3.1.Final
2025-10-20T17:25:03.511+01:00  INFO 13644 --- [           main] o.h.c.internal.RegionFactoryInitiator    : HHH000026: Second-level cache disabled
2025-10-20T17:25:04.153+01:00  INFO 13644 --- [           main] o.s.o.j.p.SpringPersistenceUnitInfo      : No LoadTimeWeaver setup: ignoring JPA class transformer
2025-10-20T17:25:04.219+01:00  INFO 13644 --- [           main] com.zaxxer.hikari.HikariDataSource       : HikariPool-1 - Starting...
2025-10-20T17:25:04.530+01:00  INFO 13644 --- [           main] com.zaxxer.hikari.pool.HikariPool        : HikariPool-1 - Added connection conn0: url=jdbc:h2:mem:conferencedb user=SA
2025-10-20T17:25:04.531+01:00  INFO 13644 --- [           main] com.zaxxer.hikari.HikariDataSource       : HikariPool-1 - Start completed.
2025-10-20T17:25:06.041+01:00  INFO 13644 --- [           main] o.h.e.t.j.p.i.JtaPlatformInitiator       : HHH000489: No JTA platform available (set 'hibernate.transaction.jta.platform' to enable JTA platform integration)
Hibernate: create table conference (id bigint generated by default as identity, date timestamp(6), duree_minutes integer, keynote_id bigint, nb_inscrits integer, score float(53), titre varchar(255), type varchar(255) check (type in ('ACADEMIQUE','COMMERCIALE')), primary key (id))
Hibernate: create table conference_reviews (conference_id bigint not null, reviews_id bigint not null)
Hibernate: create table review (id bigint generated by default as identity, date timestamp(6), note integer, texte varchar(2000), primary key (id))
Hibernate: alter table if exists conference_reviews drop constraint if exists UK_eemdfjucgufbg8ja08wo99bsp
Hibernate: alter table if exists conference_reviews add constraint UK_eemdfjucgufbg8ja08wo99bsp unique (reviews_id)
Hibernate: alter table if exists conference_reviews add constraint FKl10p02insfeb83xtfjo2vmr9e foreign key (reviews_id) references review
Hibernate: alter table if exists conference_reviews add constraint FKvw4ehdv0w2dc2a0n2fyf21b8 foreign key (conference_id) references conference
2025-10-20T17:25:06.152+01:00  INFO 13644 --- [           main] j.LocalContainerEntityManagerFactoryBean : Initialized JPA EntityManagerFactory for persistence unit 'default'
2025-10-20T17:25:06.936+01:00  WARN 13644 --- [           main] JpaBaseConfiguration$JpaWebConfiguration : spring.jpa.open-in-view is enabled by default. Therefore, database queries may be performed during view rendering. Explicitly configure spring.jpa.open-in-view to disable this warning
2025-10-20T17:25:08.826+01:00  INFO 13644 --- [           main] o.s.cloud.commons.util.InetUtils         : Cannot determine local hostname
2025-10-20T17:25:09.103+01:00  INFO 13644 --- [           main] o.s.b.w.embedded.tomcat.TomcatWebServer  : Tomcat started on port 62536 (http) with context path ''
2025-10-20T17:25:10.130+01:00  INFO 13644 --- [           main] o.s.cloud.commons.util.InetUtils         : Cannot determine local hostname
2025-10-20T17:25:10.171+01:00  INFO 13644 --- [           main] c.e.c.ConferenceIntegrationTest          : Started ConferenceIntegrationTest in 13.382 seconds (process running for 15.627)
2025-10-20T17:25:11.617+01:00  INFO 13644 --- [o-auto-1-exec-2] o.a.c.c.C.[Tomcat].[localhost].[/]       : Initializing Spring DispatcherServlet 'dispatcherServlet'
2025-10-20T17:25:11.617+01:00  INFO 13644 --- [o-auto-1-exec-2] o.s.web.servlet.DispatcherServlet        : Initializing Servlet 'dispatcherServlet'
2025-10-20T17:25:11.619+01:00  INFO 13644 --- [o-auto-1-exec-2] o.s.web.servlet.DispatcherServlet        : Completed initialization in 2 ms
Hibernate: insert into conference (date,duree_minutes,keynote_id,nb_inscrits,score,titre,type,id) values (?,?,?,?,?,?,?,default)
Hibernate: select c1_0.id,c1_0.date,c1_0.duree_minutes,c1_0.keynote_id,c1_0.nb_inscrits,c1_0.score,c1_0.titre,c1_0.type from conference c1_0 where c1_0.id=?
Hibernate: select r1_0.conference_id,r1_1.id,r1_1.date,r1_1.note,r1_1.texte from conference_reviews r1_0 join review r1_1 on r1_1.id=r1_0.reviews_id where r1_0.conference_id=?
Hibernate: insert into review (date,note,texte,id) values (?,?,?,default)
Hibernate: insert into conference_reviews (conference_id,reviews_id) values (?,?)
]]></system-out>
    <system-err><![CDATA[WARNING: A Java agent has been loaded dynamically (C:\Users\hp\.m2\repository\net\bytebuddy\byte-buddy-agent\1.14.10\byte-buddy-agent-1.14.10.jar)
WARNING: If a serviceability tool is in use, please run with -XX:+EnableDynamicAgentLoading to hide this warning
WARNING: If a serviceability tool is not in use, please run with -Djdk.instrument.traceUsage for more information
WARNING: Dynamic loading of agents will be disallowed by default in a future release
]]></system-err>
  </testcase>
</testsuite>